#
# There is insufficient memory for the Java Runtime Environment to continue.
# Native memory allocation (malloc) failed to allocate 160088 bytes for AllocateHeap
# Possible reasons:
#   The system is out of physical RAM or swap space
#   The process is running with CompressedOops enabled, and the Java Heap may be blocking the growth of the native heap
# Possible solutions:
#   Reduce memory load on the system
#   Increase physical memory or swap space
#   Check if swap backing store is full
#   Decrease Java heap size (-Xmx/-Xms)
#   Decrease number of Java threads
#   Decrease Java thread stack sizes (-Xss)
#   Set larger code cache with -XX:ReservedCodeCacheSize=
#   JVM is running with Unscaled Compressed Oops mode in which the Java heap is
#     placed in the first 4GB address space. The Java Heap base address is the
#     maximum limit for the native heap growth. Please use -XX:HeapBaseMinAddress
#     to set the Java Heap base and to place the Java Heap above 4GB virtual address.
# This output file may be truncated or incomplete.
#
#  Out of Memory Error (./open/src/hotspot/share/memory/allocation.cpp:46), pid=2840, tid=10740
#
# JRE version:  (11.0.19+9) (build )
# Java VM: Java HotSpot(TM) 64-Bit Server VM (11.0.19+9-LTS-224, mixed mode, tiered, compressed oops, g1 gc, windows-amd64)
# No core dump will be written. Minidumps are not enabled by default on client versions of Windows
#

---------------  S U M M A R Y ------------

Command Line: -javaagent:C:\Program Files\IntelliJ IDEA 2023.1.1\lib\idea_rt.jar=50657:C:\Program Files\IntelliJ IDEA 2023.1.1\bin -Dfile.encoding=UTF-8 Programs

Host: Intel(R) Core(TM) i5-8350U CPU @ 1.70GHz, 8 cores, 7G,  Windows 10 , 64 bit Build 19041 (10.0.19041.2913)
Time: Tue May 16 09:59:59 2023 Eastern Daylight Time elapsed time: 0.020104 seconds (0d 0h 0m 0s)

---------------  T H R E A D  ---------------

Current thread (0x0000028b6b8ad800):  JavaThread "Unknown thread" [_thread_in_vm, id=10740, stack(0x000000c1cd700000,0x000000c1cd800000)]

Stack: [0x000000c1cd700000,0x000000c1cd800000]
Native frames: (J=compiled Java code, j=interpreted, Vv=VM code, C=native code)
V  [jvm.dll+0x65fe1a]
V  [jvm.dll+0x7a2bbf]
V  [jvm.dll+0x7a4289]
V  [jvm.dll+0x7a4923]
V  [jvm.dll+0x258a25]
V  [jvm.dll+0xb11fa]
V  [jvm.dll+0x77d713]
V  [jvm.dll+0x36ce69]
V  [jvm.dll+0x76070f]
V  [jvm.dll+0x3defe7]
V  [jvm.dll+0x3e1091]
C  [jli.dll+0x52e7]
C  [ucrtbase.dll+0x21bb2]
C  [KERNEL32.DLL+0x17614]
C  [ntdll.dll+0x526a1]


---------------  P R O C E S S  ---------------

Threads class SMR info:
_java_thread_list=0x0000028b69733110, length=0, elements={
}

Java Threads: ( => current thread )

Other Threads:
  0x0000028b6b8c1000 GCTaskThread "GC Thread#0" [stack: 0x000000c1cd800000,0x000000c1cd900000] [id=15224]
  0x0000028b6b8f0000 ConcurrentGCThread "G1 Main Marker" [stack: 0x000000c1cd900000,0x000000c1cda00000] [id=4896]
  0x0000028b6b8f4800 ConcurrentGCThread "G1 Conc#0" [stack: 0x000000c1cda00000,0x000000c1cdb00000] [id=6864]
  0x0000028b6b985800 ConcurrentGCThread "G1 Refine#0" [stack: 0x000000c1cdb00000,0x000000c1cdc00000] [id=8692]
  0x0000028b7a670800 ConcurrentGCThread "G1 Young RemSet Sampling" [stack: 0x000000c1cdc00000,0x000000c1cdd00000] [id=15212]

=>0x0000028b6b8ad800 (exited) JavaThread "Unknown thread" [_thread_in_vm, id=10740, stack(0x000000c1cd700000,0x000000c1cd800000)]

Threads with active compile tasks:

VM state:not at safepoint (not fully initialized)

VM Mutex/Monitor currently owned by a thread: None

Heap address: 0x0000000081e00000, size: 2018 MB, Compressed Oops mode: 32-bit
Narrow klass base: 0x0000000000000000, Narrow klass shift: 3
Compressed class space size: 1073741824 Address: 0x0000000100000000

GC Heap History (0 events):
No events

Deoptimization events (0 events):
No events

Classes redefined (0 events):
No events

Internal exceptions (0 events):
No events

Events (0 events):
No events


Dynamic libraries:
0x00007ff636040000 - 0x00007ff636050000 	C:\Program Files\Java\jdk-11\bin\java.exe
0x00007ff9b3450000 - 0x00007ff9b3648000 	C:\WINDOWS\SYSTEM32\ntdll.dll
0x00007ff9b2190000 - 0x00007ff9b224f000 	C:\WINDOWS\System32\KERNEL32.DLL
0x00007ff9b0d90000 - 0x00007ff9b1086000 	C:\WINDOWS\System32\KERNELBASE.dll
0x00007ff9b0c60000 - 0x00007ff9b0d60000 	C:\WINDOWS\System32\ucrtbase.dll
0x00007ff9a8150000 - 0x00007ff9a816b000 	C:\Program Files\Java\jdk-11\bin\VCRUNTIME140.dll
0x00007ff9a57d0000 - 0x00007ff9a57e9000 	C:\Program Files\Java\jdk-11\bin\jli.dll
0x00007ff9b2750000 - 0x00007ff9b27ff000 	C:\WINDOWS\System32\ADVAPI32.dll
0x00007ff9b23e0000 - 0x00007ff9b247e000 	C:\WINDOWS\System32\msvcrt.dll
0x00007ff9b2c30000 - 0x00007ff9b2ccc000 	C:\WINDOWS\System32\sechost.dll
0x00007ff9b2990000 - 0x00007ff9b2ab6000 	C:\WINDOWS\System32\RPCRT4.dll
0x00007ff9b3210000 - 0x00007ff9b33ad000 	C:\WINDOWS\System32\USER32.dll
0x00007ff9966a0000 - 0x00007ff99693a000 	C:\WINDOWS\WinSxS\amd64_microsoft.windows.common-controls_6595b64144ccf1df_6.0.19041.1110_none_60b5254171f9507e\COMCTL32.dll
0x00007ff9b0d60000 - 0x00007ff9b0d82000 	C:\WINDOWS\System32\win32u.dll
0x00007ff9b2140000 - 0x00007ff9b216c000 	C:\WINDOWS\System32\GDI32.dll
0x00007ff9b1190000 - 0x00007ff9b12a5000 	C:\WINDOWS\System32\gdi32full.dll
0x00007ff9b1410000 - 0x00007ff9b14ad000 	C:\WINDOWS\System32\msvcp_win.dll
0x00007ff9a6110000 - 0x00007ff9a611a000 	C:\WINDOWS\SYSTEM32\VERSION.dll
0x00007ff9b2c00000 - 0x00007ff9b2c30000 	C:\WINDOWS\System32\IMM32.DLL
0x00007ff9a8f50000 - 0x00007ff9a8f5c000 	C:\Program Files\Java\jdk-11\bin\vcruntime140_1.dll
0x00007ff979ff0000 - 0x00007ff97a07e000 	C:\Program Files\Java\jdk-11\bin\msvcp140.dll
0x00007ff93fdc0000 - 0x00007ff94092c000 	C:\Program Files\Java\jdk-11\bin\server\jvm.dll
0x00007ff9b2d30000 - 0x00007ff9b2d38000 	C:\WINDOWS\System32\PSAPI.DLL
0x00007ff994370000 - 0x00007ff994397000 	C:\WINDOWS\SYSTEM32\WINMM.dll
0x00007ff9a7c40000 - 0x00007ff9a7c49000 	C:\WINDOWS\SYSTEM32\WSOCK32.dll
0x00007ff9b2920000 - 0x00007ff9b298b000 	C:\WINDOWS\System32\WS2_32.dll
0x00007ff9af370000 - 0x00007ff9af382000 	C:\WINDOWS\SYSTEM32\kernel.appcore.dll
0x00007ff9a7c50000 - 0x00007ff9a7c60000 	C:\Program Files\Java\jdk-11\bin\verify.dll
0x00007ff9af120000 - 0x00007ff9af304000 	C:\WINDOWS\SYSTEM32\DBGHELP.DLL
0x00007ff998a90000 - 0x00007ff998ac4000 	C:\WINDOWS\SYSTEM32\dbgcore.DLL
0x00007ff9b1100000 - 0x00007ff9b1182000 	C:\WINDOWS\System32\bcryptPrimitives.dll
0x00007ff9a5780000 - 0x00007ff9a57a8000 	C:\Program Files\Java\jdk-11\bin\java.dll
0x00007ff9a5720000 - 0x00007ff9a572a000 	C:\Program Files\Java\jdk-11\bin\jimage.dll
0x00007ff999ae0000 - 0x00007ff999aee000 	C:\Program Files\Java\jdk-11\bin\instrument.dll
0x00007ff999af0000 - 0x00007ff999b07000 	C:\Program Files\Java\jdk-11\bin\zip.dll

dbghelp: loaded successfully - version: 4.0.5 - missing functions: none
symbol engine: initialized successfully - sym options: 0x614 - pdb path: .;C:\Program Files\Java\jdk-11\bin;C:\WINDOWS\SYSTEM32;C:\WINDOWS\WinSxS\amd64_microsoft.windows.common-controls_6595b64144ccf1df_6.0.19041.1110_none_60b5254171f9507e;C:\Program Files\Java\jdk-11\bin\server

VM Arguments:
jvm_args: -javaagent:C:\Program Files\IntelliJ IDEA 2023.1.1\lib\idea_rt.jar=50657:C:\Program Files\IntelliJ IDEA 2023.1.1\bin -Dfile.encoding=UTF-8 
java_command: Programs
java_class_path (initial): C:\Users\admin\Desktop\Stiegler Applications, etc\FS103\HashMap\out\production\HashMap
Launcher Type: SUN_STANDARD

[Global flags]
     intx CICompilerCount                          = 4                                         {product} {ergonomic}
     uint ConcGCThreads                            = 2                                         {product} {ergonomic}
     uint G1ConcRefinementThreads                  = 8                                         {product} {ergonomic}
   size_t G1HeapRegionSize                         = 1048576                                   {product} {ergonomic}
    uintx GCDrainStackTargetSize                   = 64                                        {product} {ergonomic}
   size_t InitialHeapSize                          = 134217728                                 {product} {ergonomic}
   size_t MarkStackSize                            = 4194304                                   {product} {ergonomic}
   size_t MaxHeapSize                              = 2116026368                                {product} {ergonomic}
   size_t MaxNewSize                               = 1268776960                                {product} {ergonomic}
   size_t MinHeapDeltaBytes                        = 1048576                                   {product} {ergonomic}
    uintx NonNMethodCodeHeapSize                   = 5836300                                {pd product} {ergonomic}
    uintx NonProfiledCodeHeapSize                  = 122910970                              {pd product} {ergonomic}
    uintx ProfiledCodeHeapSize                     = 122910970                              {pd product} {ergonomic}
    uintx ReservedCodeCacheSize                    = 251658240                              {pd product} {ergonomic}
     bool SegmentedCodeCache                       = true                                      {product} {ergonomic}
     bool UseCompressedClassPointers               = true                                 {lp64_product} {ergonomic}
     bool UseCompressedOops                        = true                                 {lp64_product} {ergonomic}
     bool UseG1GC                                  = true                                      {product} {ergonomic}
     bool UseLargePagesIndividualAllocation        = false                                  {pd product} {ergonomic}

Logging:
Log output configuration:
 #0: stdout all=warning uptime,level,tags
 #1: stderr all=off uptime,level,tags

Environment Variables:
JAVA_HOME=C:\Program Files\Java\jdk-11
PATH=C:\Program Files\Common Files\Oracle\Java\javapath;C:\Users\admin\Desktop\Stiegler Applications, etc\FS103\apache-maven-3.9.1\bin;C:\Program Files (x86)\Common Files\Oracle\Java\javapath;C:\WINDOWS\system32;C:\WINDOWS;C:\WINDOWS\System32\Wbem;C:\WINDOWS\System32\WindowsPowerShell\v1.0\;C:\WINDOWS\System32\OpenSSH\;C:\Program Files\dotnet\;C:\Program Files\Git\cmd;C:\Program Files (x86)\nodejs\;C:\Users\admin\Downloads;C:\Users\admin\Downloads\jdk-11.0.19_windows-x64_bin.exe;C:\Program Files\Java\jdk-11\bin;C:\Users\admin\Desktop\Stiegler Applications, etc\FS103\apache-maven-3.9.1\bin\FS103\bin;C:\Users\admin\Desktop\Stiegler Applications, etc\FS103;C:\Users\admin\AppData\Local\Programs\Microsoft VS Code\bin;C:\Users\admin\AppData\Roaming\npm;C:\Users\admin\Desktop\Stiegler Applications, etc\FS103\apache-maven-3.9.1\bin;C:\Users\admin\Downloads\jdk-11.0.19_windows-x64_bin.exe;C:\Program Files\Java\jdk-11;C:\Users\admin\Desktop\Stiegler Applications, etc\FS103\apache-maven-3.9.1\FS103\bin;C:\Program Files\Java\jdk-11\bin;
USERNAME=admin
OS=Windows_NT
PROCESSOR_IDENTIFIER=Intel64 Family 6 Model 142 Stepping 10, GenuineIntel



---------------  S Y S T E M  ---------------

OS: Windows 10 , 64 bit Build 19041 (10.0.19041.2913)
Hyper-V role detected

CPU:total 8 (initial active 8) (4 cores per cpu, 2 threads per core) family 6 model 142 stepping 10 microcode 0xf0, cmov, cx8, fxsr, mmx, sse, sse2, sse3, ssse3, sse4.1, sse4.2, popcnt, avx, avx2, aes, clmul, erms, rtm, 3dnowpref, lzcnt, ht, tsc, tscinvbit, bmi1, bmi2, adx, fma

Memory: 4k page, system-wide physical 8067M (1334M free)
TotalPageFile size 9067M (AvailPageFile size 2M)
current process WorkingSet (physical memory assigned to process): 15M, peak: 15M
current process commit charge ("private bytes"): 194M, peak: 194M

vm_info: Java HotSpot(TM) 64-Bit Server VM (11.0.19+9-LTS-224) for windows-amd64 JRE (11.0.19+9-LTS-224), built on Mar 27 2023 08:48:55 by "mach5one" with MS VC++ 17.1 (VS2022)

END.
